<?xml version="1.0" encoding="UTF-8"?>
<testng-results ignored="0" total="1" passed="1" failed="0" skipped="0">
  <reporter-output>
  </reporter-output>
  <suite started-at="2025-05-31T22:22:48 IST" name="Default suite" finished-at="2025-05-31T22:23:23 IST" duration-ms="34586">
    <groups>
    </groups>
    <test started-at="2025-05-31T22:22:48 IST" name="Default test" finished-at="2025-05-31T22:23:23 IST" duration-ms="34586">
      <class name="com.testcase.ProductFullDetails_TestCase004">
        <test-method is-config="true" signature="setupReport()[pri:0, instance:com.testcase.ProductFullDetails_TestCase004@3fc2959f]" started-at="2025-05-31T22:22:48 IST" name="setupReport" finished-at="2025-05-31T22:22:48 IST" duration-ms="494" status="PASS">
          <reporter-output>
          </reporter-output>
        </test-method> <!-- setupReport -->
        <test-method is-config="true" signature="setUp()[pri:0, instance:com.testcase.ProductFullDetails_TestCase004@3fc2959f]" started-at="2025-05-31T22:22:49 IST" name="setUp" finished-at="2025-05-31T22:22:55 IST" duration-ms="6507" status="PASS">
          <reporter-output>
          </reporter-output>
        </test-method> <!-- setUp -->
        <test-method signature="addToCart()[pri:0, instance:com.testcase.ProductFullDetails_TestCase004@3fc2959f]" started-at="2025-05-31T22:22:55 IST" name="addToCart" finished-at="2025-05-31T22:23:22 IST" duration-ms="26895" status="PASS">
          <reporter-output>
          </reporter-output>
        </test-method> <!-- addToCart -->
        <test-method is-config="true" signature="teardownDriver(org.testng.ITestResult)[pri:0, instance:com.testcase.ProductFullDetails_TestCase004@3fc2959f]" started-at="2025-05-31T22:23:22 IST" name="teardownDriver" finished-at="2025-05-31T22:23:22 IST" duration-ms="10" status="PASS">
          <params>
            <param index="0">
              <value>
                <![CDATA[[TestResult name=addToCart status=SUCCESS method=ProductFullDetails_TestCase004.addToCart()[pri:0, instance:com.testcase.ProductFullDetails_TestCase004@3fc2959f] output={null}]]]>
              </value>
            </param>
          </params>
          <reporter-output>
          </reporter-output>
        </test-method> <!-- teardownDriver -->
        <test-method is-config="true" signature="flushReport()[pri:0, instance:com.testcase.ProductFullDetails_TestCase004@3fc2959f]" started-at="2025-05-31T22:23:22 IST" name="flushReport" finished-at="2025-05-31T22:23:23 IST" duration-ms="602" status="PASS">
          <reporter-output>
          </reporter-output>
        </test-method> <!-- flushReport -->
      </class> <!-- com.testcase.ProductFullDetails_TestCase004 -->
    </test> <!-- Default test -->
  </suite> <!-- Default suite -->
</testng-results>
